\BOOKMARK [1][-]{section*.1}{\376\377\000O\000v\000e\000r\000v\000i\000e\000w}{}% 1
\BOOKMARK [0][-]{section*.3}{\376\377\000G\000r\000o\000t\000h\000e\000n\000d\000i\000e\000c\000k\000\040\000T\000o\000p\000o\000l\000o\000g\000i\000e\000s\000,\000\040\000S\000i\000t\000e\000s\000,\000\040\000a\000n\000d\000\040\000F\000i\000b\000e\000r\000e\000d\000\040\000C\000a\000t\000e\000g\000o\000r\000i\000e\000s}{}% 2
\BOOKMARK [1][-]{section.1}{\376\377\0001\000.\000\040\000G\000r\000o\000t\000h\000e\000n\000d\000i\000e\000c\000k\000\040\000T\000o\000p\000o\000l\000o\000g\000i\000e\000s\000\040\000a\000n\000d\000\040\000S\000i\000t\000e\000s}{section*.3}% 3
\BOOKMARK [1][-]{section.2}{\376\377\0002\000.\000\040\000F\000i\000b\000e\000r\000e\000d\000\040\000C\000a\000t\000e\000g\000o\000r\000i\000e\000s}{section*.3}% 4
\BOOKMARK [1][-]{section.3}{\376\377\0003\000.\000\040\000D\000e\000s\000c\000e\000n\000t}{section*.3}% 5
\BOOKMARK [1][-]{section.4}{\376\377\0004\000.\000\040\000D\000e\000s\000c\000e\000n\000t\000\040\000f\000o\000r\000\040\000Q\000u\000a\000s\000i\000c\000o\000h\000e\000r\000e\000n\000t\000\040\000S\000h\000e\000a\000v\000e\000s}{section*.3}% 6
\BOOKMARK [0][-]{section*.4}{\376\377\000A\000l\000g\000e\000b\000r\000a\000i\000c\000\040\000S\000p\000a\000c\000e\000s}{}% 7
\BOOKMARK [1][-]{section.5}{\376\377\0005\000.\000\040\000A\000l\000g\000e\000b\000r\000a\000i\000c\000\040\000S\000p\000a\000c\000e\000s}{section*.4}% 8
\BOOKMARK [1][-]{section.6}{\376\377\0006\000.\000\040\000Q\000u\000o\000t\000i\000e\000n\000t\000s\000\040\000i\000n\000\040\000A\000l\000g\000e\000b\000r\000a\000i\000c\000\040\000S\000p\000a\000c\000e\000s}{section*.4}% 9
\BOOKMARK [1][-]{section.7}{\376\377\0007\000.\000\040\000Q\000u\000a\000s\000i\000c\000o\000h\000e\000r\000e\000n\000t\000\040\000S\000h\000e\000a\000v\000e\000s\000\040\000o\000n\000\040\000A\000l\000g\000e\000b\000r\000a\000i\000c\000\040\000S\000p\000a\000c\000e\000s}{section*.4}% 10
\BOOKMARK [0][-]{section*.5}{\376\377\000A\000l\000g\000e\000b\000r\000a\000i\000c\000\040\000S\000t\000a\000c\000k\000s}{}% 11
\BOOKMARK [1][-]{section.8}{\376\377\0008\000.\000\040\000A\000l\000g\000e\000b\000r\000a\000i\000c\000\040\000S\000t\000a\000c\000k\000s}{section*.5}% 12
\BOOKMARK [1][-]{section.9}{\376\377\0009\000.\000\040\000Q\000u\000a\000s\000i\000c\000o\000h\000e\000r\000e\000n\000t\000\040\000S\000h\000e\000a\000v\000e\000s\000\040\000o\000n\000\040\000A\000l\000g\000e\000b\000r\000a\000i\000c\000\040\000S\000t\000a\000c\000k\000s}{section*.5}% 13
\BOOKMARK [0][-]{section*.6}{\376\377\000T\000h\000e\000\040\000G\000e\000o\000m\000e\000t\000r\000y\000\040\000o\000f\000\040\000S\000t\000a\000c\000k\000s}{}% 14
\BOOKMARK [1][-]{section.10}{\376\377\0001\0000\000.\000\040\000G\000e\000o\000m\000e\000t\000r\000i\000c\000\040\000P\000r\000o\000p\000e\000r\000t\000i\000e\000s\000\040\000o\000f\000\040\000S\000t\000a\000c\000k\000s}{section*.6}% 15
\BOOKMARK [1][-]{section.11}{\376\377\0001\0001\000.\000\040\000C\000o\000a\000r\000s\000e\000\040\000M\000o\000d\000u\000l\000i\000\040\000S\000p\000a\000c\000e\000s}{section*.6}% 16
\BOOKMARK [1][-]{section.12}{\376\377\0001\0002\000.\000\040\000G\000e\000r\000b\000e\000s}{section*.6}% 17
\BOOKMARK [1][-]{section.13}{\376\377\0001\0003\000.\000\040\000C\000o\000h\000o\000m\000o\000l\000o\000g\000y\000\040\000o\000f\000\040\000S\000t\000a\000c\000k\000s}{section*.6}% 18
\BOOKMARK [1][-]{section.14}{\376\377\0001\0004\000.\000\040\000D\000e\000r\000i\000v\000e\000d\000\040\000C\000a\000t\000e\000g\000o\000r\000i\000e\000s\000\040\000o\000f\000\040\000S\000t\000a\000c\000k\000s}{section*.6}% 19
\BOOKMARK [0][-]{section*.7}{\376\377\000E\000n\000d\000\040\000M\000a\000t\000e\000r\000i\000a\000l}{}% 20
\BOOKMARK [1][-]{appendix.A}{\376\377\000A\000p\000p\000e\000n\000d\000i\000x\000\040\000A\000.\000\040\000R\000e\000p\000r\000e\000s\000e\000n\000t\000a\000b\000l\000e\000\040\000F\000u\000n\000c\000t\000o\000r\000s}{section*.7}% 21
\BOOKMARK [1][-]{appendix.B}{\376\377\000A\000p\000p\000e\000n\000d\000i\000x\000\040\000B\000.\000\040\000G\000r\000o\000u\000p\000\040\000O\000b\000j\000e\000c\000t\000s\000\040\000i\000n\000\040\000C\000a\000t\000e\000g\000o\000r\000i\000e\000s}{section*.7}% 22
\BOOKMARK [1][-]{section*.8}{\376\377\000R\000e\000f\000e\000r\000e\000n\000c\000e\000s}{section*.7}% 23
